[debug] [2021-10-29T06:11:01.713Z] ----------------------------------------------------------------------
[debug] [2021-10-29T06:11:01.716Z] Command:       C:\Program Files\nodejs\node.exe C:\Users\Jerome\AppData\Roaming\npm\node_modules\firebase-tools\lib\bin\firebase.js emulators:start
[debug] [2021-10-29T06:11:01.716Z] CLI Version:   9.21.0
[debug] [2021-10-29T06:11:01.716Z] Platform:      win32
[debug] [2021-10-29T06:11:01.716Z] Node Version:  v14.17.5
[debug] [2021-10-29T06:11:01.717Z] Time:          Fri Oct 29 2021 11:41:01 GMT+0530 (India Standard Time)
[debug] [2021-10-29T06:11:01.717Z] ----------------------------------------------------------------------
[debug] 
[debug] [2021-10-29T06:11:01.779Z] > command requires scopes: ["email","openid","https://www.googleapis.com/auth/cloudplatformprojects.readonly","https://www.googleapis.com/auth/firebase","https://www.googleapis.com/auth/cloud-platform"]
[debug] [2021-10-29T06:11:01.780Z] > authorizing via signed-in user (jeromejacob360@gmail.com)
[info] i  emulators: Starting emulators: auth, functions, firestore, database, storage {"metadata":{"emulator":{"name":"hub"},"message":"Starting emulators: auth, functions, firestore, database, storage"}}
[debug] [2021-10-29T06:11:01.835Z] [hub] writing locator at C:\Users\Jerome\AppData\Local\Temp\hub-react-android-a923a.json
[warn] !  functions: The following emulators are not running, calls to these services from the Functions emulator will affect production: hosting, pubsub {"metadata":{"emulator":{"name":"functions"},"message":"The following emulators are not running, calls to these services from the Functions emulator will affect production: \u001b[1mhosting, pubsub\u001b[22m"}}
[info] +  functions: Using node@14 from host. {"metadata":{"emulator":{"name":"functions"},"message":"Using node@14 from host."}}
[debug] [2021-10-29T06:11:02.031Z] defaultcredentials: writing to file C:\Users\Jerome\AppData\Roaming\firebase\jeromejacob360_gmail_com_application_default_credentials.json
[debug] [2021-10-29T06:11:02.037Z] Setting GAC to C:\Users\Jerome\AppData\Roaming\firebase\jeromejacob360_gmail_com_application_default_credentials.json {"metadata":{"emulator":{"name":"functions"},"message":"Setting GAC to C:\\Users\\Jerome\\AppData\\Roaming\\firebase\\jeromejacob360_gmail_com_application_default_credentials.json"}}
[debug] [2021-10-29T06:11:02.044Z] > refreshing access token with scopes: []
[debug] [2021-10-29T06:11:02.046Z] >>> HTTP REQUEST POST https://www.googleapis.com/oauth2/v3/token  
 <request body omitted>
[debug] [2021-10-29T06:11:02.650Z] <<< HTTP RESPONSE 200 {"date":"Fri, 29 Oct 2021 06:11:03 GMT","expires":"Mon, 01 Jan 1990 00:00:00 GMT","pragma":"no-cache","cache-control":"no-cache, no-store, max-age=0, must-revalidate","content-type":"application/json; charset=utf-8","vary":"X-Origin, Referer, Origin,Accept-Encoding","server":"scaffolding on HTTPServer2","x-xss-protection":"0","x-frame-options":"SAMEORIGIN","x-content-type-options":"nosniff","alt-svc":"h3=\":443\"; ma=2592000,h3-29=\":443\"; ma=2592000,h3-Q050=\":443\"; ma=2592000,h3-Q046=\":443\"; ma=2592000,h3-Q043=\":443\"; ma=2592000,quic=\":443\"; ma=2592000; v=\"46,43\"","accept-ranges":"none","transfer-encoding":"chunked"}
[debug] [2021-10-29T06:11:02.681Z] >>> [apiv2][query] GET https://firebase.googleapis.com/v1beta1/projects/react-android-a923a/adminSdkConfig [none]
[debug] [2021-10-29T06:11:03.539Z] <<< [apiv2][status] GET https://firebase.googleapis.com/v1beta1/projects/react-android-a923a/adminSdkConfig 200
[debug] [2021-10-29T06:11:03.540Z] <<< [apiv2][body] GET https://firebase.googleapis.com/v1beta1/projects/react-android-a923a/adminSdkConfig {"projectId":"react-android-a923a","databaseURL":"https://react-android-a923a-default-rtdb.asia-southeast1.firebasedatabase.app","storageBucket":"react-android-a923a.appspot.com","locationId":"australia-southeast1"}
[debug] [2021-10-29T06:11:03.563Z] Ignoring unsupported arg: projectId {"metadata":{"emulator":{"name":"firestore"},"message":"Ignoring unsupported arg: projectId"}}
[debug] [2021-10-29T06:11:03.564Z] Ignoring unsupported arg: auto_download {"metadata":{"emulator":{"name":"firestore"},"message":"Ignoring unsupported arg: auto_download"}}
[debug] [2021-10-29T06:11:03.564Z] Starting Firestore Emulator with command {"binary":"java","args":["-Dgoogle.cloud_firestore.debug_log_level=FINE","-Duser.language=en","-jar","C:\\Users\\Jerome\\.cache\\firebase\\emulators\\cloud-firestore-emulator-v1.13.1.jar","--host","localhost","--port",8080,"--rules","C:\\Users\\Jerome\\Desktop\\PF\\whatsApp\\firestore.rules","--functions_emulator","localhost:5001"],"optionalArgs":["port","webchannel_port","host","rules","functions_emulator","seed_from_export"],"joinArgs":false} {"metadata":{"emulator":{"name":"firestore"},"message":"Starting Firestore Emulator with command {\"binary\":\"java\",\"args\":[\"-Dgoogle.cloud_firestore.debug_log_level=FINE\",\"-Duser.language=en\",\"-jar\",\"C:\\\\Users\\\\Jerome\\\\.cache\\\\firebase\\\\emulators\\\\cloud-firestore-emulator-v1.13.1.jar\",\"--host\",\"localhost\",\"--port\",8080,\"--rules\",\"C:\\\\Users\\\\Jerome\\\\Desktop\\\\PF\\\\whatsApp\\\\firestore.rules\",\"--functions_emulator\",\"localhost:5001\"],\"optionalArgs\":[\"port\",\"webchannel_port\",\"host\",\"rules\",\"functions_emulator\",\"seed_from_export\"],\"joinArgs\":false}"}}
[info] i  firestore: Firestore Emulator logging to firestore-debug.log {"metadata":{"emulator":{"name":"firestore"},"message":"Firestore Emulator logging to \u001b[1mfirestore-debug.log\u001b[22m"}}
[debug] [2021-10-29T06:11:05.177Z] Oct 29, 2021 11:41:05 AM com.google.cloud.datastore.emulator.firestore.websocket.WebSocketServer start
INFO: Started WebSocket server on ws://localhost:62784
 {"metadata":{"emulator":{"name":"firestore"},"message":"Oct 29, 2021 11:41:05 AM com.google.cloud.datastore.emulator.firestore.websocket.WebSocketServer start\r\nINFO: Started WebSocket server on ws://localhost:62784\r\n"}}
[debug] [2021-10-29T06:11:05.202Z] API endpoint: http://localhost:8080
If you are using a library that supports the FIRESTORE_EMULATOR_HOST environment variable, run: {"metadata":{"emulator":{"name":"firestore"},"message":"API endpoint: http://localhost:8080\nIf you are using a library that supports the FIRESTORE_EMULATOR_HOST environment variable, run:"}}
[debug] [2021-10-29T06:11:05.203Z] 

   export FIRESTORE_EMULATOR_HOST=localhost:8080

Dev App Server is now running.

 {"metadata":{"emulator":{"name":"firestore"},"message":"\r\n\n   export FIRESTORE_EMULATOR_HOST=localhost:8080\n\nDev App Server is now running.\n\r\n"}}
[debug] [2021-10-29T06:11:05.418Z] >>> [apiv2][query] GET https://firebase.googleapis.com/v1beta1/projects/react-android-a923a [none]
[debug] [2021-10-29T06:11:06.061Z] <<< [apiv2][status] GET https://firebase.googleapis.com/v1beta1/projects/react-android-a923a 200
[debug] [2021-10-29T06:11:06.062Z] <<< [apiv2][body] GET https://firebase.googleapis.com/v1beta1/projects/react-android-a923a {"projectId":"react-android-a923a","projectNumber":"904576134150","displayName":"React-android","name":"projects/react-android-a923a","resources":{"hostingSite":"react-android-a923a","realtimeDatabaseInstance":"react-android-a923a-default-rtdb","storageBucket":"react-android-a923a.appspot.com","locationId":"australia-southeast1"},"state":"ACTIVE"}
[debug] [2021-10-29T06:11:06.063Z] database rules config:  []
[warn] !  database: Did not find a Realtime Database rules file specified in a firebase.json config file. The emulator will default to allowing all reads and writes. Learn more about this option: https://firebase.google.com/docs/emulator-suite/install_and_configure#security_rules_configuration. {"metadata":{"emulator":{"name":"database"},"message":"Did not find a Realtime Database rules file specified in a firebase.json config file. The emulator will default to allowing all reads and writes. Learn more about this option: https://firebase.google.com/docs/emulator-suite/install_and_configure#security_rules_configuration."}}
[debug] [2021-10-29T06:11:06.072Z] Ignoring unsupported arg: projectId {"metadata":{"emulator":{"name":"database"},"message":"Ignoring unsupported arg: projectId"}}
[debug] [2021-10-29T06:11:06.072Z] Ignoring unsupported arg: auto_download {"metadata":{"emulator":{"name":"database"},"message":"Ignoring unsupported arg: auto_download"}}
[debug] [2021-10-29T06:11:06.073Z] Ignoring unsupported arg: rules {"metadata":{"emulator":{"name":"database"},"message":"Ignoring unsupported arg: rules"}}
[debug] [2021-10-29T06:11:06.073Z] Starting Database Emulator with command {"binary":"java","args":["-Duser.language=en","-jar","C:\\Users\\Jerome\\.cache\\firebase\\emulators\\firebase-database-emulator-v4.7.2.jar","--host","localhost","--port",9000,"--functions_emulator_host","localhost","--functions_emulator_port",5001],"optionalArgs":["port","host","functions_emulator_port","functions_emulator_host"],"joinArgs":false} {"metadata":{"emulator":{"name":"database"},"message":"Starting Database Emulator with command {\"binary\":\"java\",\"args\":[\"-Duser.language=en\",\"-jar\",\"C:\\\\Users\\\\Jerome\\\\.cache\\\\firebase\\\\emulators\\\\firebase-database-emulator-v4.7.2.jar\",\"--host\",\"localhost\",\"--port\",9000,\"--functions_emulator_host\",\"localhost\",\"--functions_emulator_port\",5001],\"optionalArgs\":[\"port\",\"host\",\"functions_emulator_port\",\"functions_emulator_host\"],\"joinArgs\":false}"}}
[info] i  database: Database Emulator logging to database-debug.log {"metadata":{"emulator":{"name":"database"},"message":"Database Emulator logging to \u001b[1mdatabase-debug.log\u001b[22m"}}
[debug] [2021-10-29T06:11:07.843Z] 11:41:07.843 [NamespaceSystem-akka.actor.default-dispatcher-5] INFO akka.event.slf4j.Slf4jLogger - Slf4jLogger started
 {"metadata":{"emulator":{"name":"database"},"message":"11:41:07.843 [NamespaceSystem-akka.actor.default-dispatcher-5] INFO akka.event.slf4j.Slf4jLogger - Slf4jLogger started\r\n"}}
[debug] [2021-10-29T06:11:08.017Z] 11:41:08.028 [main] INFO com.firebase.server.forge.App$ - Listening at localhost:9000
 {"metadata":{"emulator":{"name":"database"},"message":"11:41:08.028 [main] INFO com.firebase.server.forge.App$ - Listening at localhost:9000\r\n"}}
[debug] [2021-10-29T06:11:11.990Z] Ignoring unsupported arg: port {"metadata":{"emulator":{"name":"storage"},"message":"Ignoring unsupported arg: port"}}
[debug] [2021-10-29T06:11:12.187Z] Temp file directory for storage emulator: C:\Users\Jerome\AppData\Local\Temp/firebase/storage/blobs {"metadata":{"emulator":{"name":"storage"},"message":"Temp file directory for storage emulator: C:\\Users\\Jerome\\AppData\\Local\\Temp/firebase/storage/blobs"}}
[debug] [2021-10-29T06:11:12.912Z] Ignoring unsupported arg: auto_download {"metadata":{"emulator":{"name":"ui"},"message":"Ignoring unsupported arg: auto_download"}}
[debug] [2021-10-29T06:11:12.912Z] Ignoring unsupported arg: port {"metadata":{"emulator":{"name":"ui"},"message":"Ignoring unsupported arg: port"}}
[debug] [2021-10-29T06:11:12.912Z] Starting Emulator UI with command {"binary":"node","args":["C:\\Users\\Jerome\\.cache\\firebase\\emulators\\ui-v1.6.4\\server.bundle.js"],"optionalArgs":[],"joinArgs":false} {"metadata":{"emulator":{"name":"ui"},"message":"Starting Emulator UI with command {\"binary\":\"node\",\"args\":[\"C:\\\\Users\\\\Jerome\\\\.cache\\\\firebase\\\\emulators\\\\ui-v1.6.4\\\\server.bundle.js\"],\"optionalArgs\":[],\"joinArgs\":false}"}}
[info] i  ui: Emulator UI logging to ui-debug.log {"metadata":{"emulator":{"name":"ui"},"message":"Emulator UI logging to \u001b[1mui-debug.log\u001b[22m"}}
[debug] [2021-10-29T06:11:13.053Z] Web / API server started at localhost:4000
 {"metadata":{"emulator":{"name":"ui"},"message":"Web / API server started at localhost:4000\n"}}
[info] i  functions: Watching "C:\Users\Jerome\Desktop\PF\whatsApp\functions" for Cloud Functions... {"metadata":{"emulator":{"name":"functions"},"message":"Watching \"C:\\Users\\Jerome\\Desktop\\PF\\whatsApp\\functions\" for Cloud Functions..."}}
[debug] [2021-10-29T06:11:13.191Z] [worker-pool] addWorker(~diagnostic~) {"metadata":{"emulator":{"name":"functions"},"message":"[worker-pool] addWorker(~diagnostic~)"}}
[debug] [2021-10-29T06:11:13.192Z] [worker-pool] Adding worker with key ~diagnostic~, total=1 {"metadata":{"emulator":{"name":"functions"},"message":"[worker-pool] Adding worker with key ~diagnostic~, total=1"}}
[debug] [2021-10-29T06:11:13.192Z] [worker-pool] submitWork(triggerId=) {"metadata":{"emulator":{"name":"functions"},"message":"[worker-pool] submitWork(triggerId=)"}}
[debug] [2021-10-29T06:11:13.193Z] [worker-~diagnostic~-c487509f-ce48-49e5-8234-1a39f0e637ff]: Assigning socketPath: \\?\pipe\C:\Users\Jerome\Desktop\PF\whatsApp\functions\4124 {"metadata":{"emulator":{"name":"functions"},"message":"[worker-~diagnostic~-c487509f-ce48-49e5-8234-1a39f0e637ff]: Assigning socketPath: \\\\?\\pipe\\C:\\Users\\Jerome\\Desktop\\PF\\whatsApp\\functions\\4124"}}
[debug] [2021-10-29T06:11:13.194Z] [worker-~diagnostic~-c487509f-ce48-49e5-8234-1a39f0e637ff]: BUSY {"metadata":{"emulator":{"name":"functions"},"message":"[worker-~diagnostic~-c487509f-ce48-49e5-8234-1a39f0e637ff]: BUSY"}}
[debug] [2021-10-29T06:11:13.421Z] [runtime-status] [4124] Functions runtime initialized. {"cwd":"C:\\Users\\Jerome\\Desktop\\PF\\whatsApp\\functions","node_version":"14.17.5"} {"metadata":{"emulator":{"name":"functions"},"message":"[runtime-status] [4124] Functions runtime initialized. {\"cwd\":\"C:\\\\Users\\\\Jerome\\\\Desktop\\\\PF\\\\whatsApp\\\\functions\",\"node_version\":\"14.17.5\"}"}}
[debug] [2021-10-29T06:11:13.423Z] [runtime-status] [4124] Disabled runtime features: undefined {"metadata":{"emulator":{"name":"functions"},"message":"[runtime-status] [4124] Disabled runtime features: undefined"}}
[debug] [2021-10-29T06:11:13.426Z] [runtime-status] [4124] Resolved module firebase-admin {"declared":true,"installed":true,"version":"9.12.0","resolution":"C:\\Users\\Jerome\\Desktop\\PF\\whatsApp\\functions\\node_modules\\firebase-admin\\lib\\index.js"} {"metadata":{"emulator":{"name":"functions"},"message":"[runtime-status] [4124] Resolved module firebase-admin {\"declared\":true,\"installed\":true,\"version\":\"9.12.0\",\"resolution\":\"C:\\\\Users\\\\Jerome\\\\Desktop\\\\PF\\\\whatsApp\\\\functions\\\\node_modules\\\\firebase-admin\\\\lib\\\\index.js\"}"}}
[debug] [2021-10-29T06:11:13.430Z] [runtime-status] [4124] Resolved module firebase-functions {"declared":true,"installed":true,"version":"3.16.0","resolution":"C:\\Users\\Jerome\\Desktop\\PF\\whatsApp\\functions\\node_modules\\firebase-functions\\lib\\index.js"} {"metadata":{"emulator":{"name":"functions"},"message":"[runtime-status] [4124] Resolved module firebase-functions {\"declared\":true,\"installed\":true,\"version\":\"3.16.0\",\"resolution\":\"C:\\\\Users\\\\Jerome\\\\Desktop\\\\PF\\\\whatsApp\\\\functions\\\\node_modules\\\\firebase-functions\\\\lib\\\\index.js\"}"}}
[debug] [2021-10-29T06:11:13.431Z] [runtime-status] [4124] Outgoing network have been stubbed. [{"name":"http","status":"mocked"},{"name":"http","status":"mocked"},{"name":"https","status":"mocked"},{"name":"https","status":"mocked"},{"name":"net","status":"mocked"}] {"metadata":{"emulator":{"name":"functions"},"message":"[runtime-status] [4124] Outgoing network have been stubbed. [{\"name\":\"http\",\"status\":\"mocked\"},{\"name\":\"http\",\"status\":\"mocked\"},{\"name\":\"https\",\"status\":\"mocked\"},{\"name\":\"https\",\"status\":\"mocked\"},{\"name\":\"net\",\"status\":\"mocked\"}]"}}
[debug] [2021-10-29T06:11:13.433Z] [runtime-status] [4124] Resolved module firebase-functions {"declared":true,"installed":true,"version":"3.16.0","resolution":"C:\\Users\\Jerome\\Desktop\\PF\\whatsApp\\functions\\node_modules\\firebase-functions\\lib\\index.js"} {"metadata":{"emulator":{"name":"functions"},"message":"[runtime-status] [4124] Resolved module firebase-functions {\"declared\":true,\"installed\":true,\"version\":\"3.16.0\",\"resolution\":\"C:\\\\Users\\\\Jerome\\\\Desktop\\\\PF\\\\whatsApp\\\\functions\\\\node_modules\\\\firebase-functions\\\\lib\\\\index.js\"}"}}
[debug] [2021-10-29T06:11:13.485Z] [runtime-status] [4124] Checked functions.config() {"config":{}} {"metadata":{"emulator":{"name":"functions"},"message":"[runtime-status] [4124] Checked functions.config() {\"config\":{}}"}}
[debug] [2021-10-29T06:11:13.486Z] [runtime-status] [4124] firebase-functions has been stubbed. {"functionsResolution":{"declared":true,"installed":true,"version":"3.16.0","resolution":"C:\\Users\\Jerome\\Desktop\\PF\\whatsApp\\functions\\node_modules\\firebase-functions\\lib\\index.js"}} {"metadata":{"emulator":{"name":"functions"},"message":"[runtime-status] [4124] firebase-functions has been stubbed. {\"functionsResolution\":{\"declared\":true,\"installed\":true,\"version\":\"3.16.0\",\"resolution\":\"C:\\\\Users\\\\Jerome\\\\Desktop\\\\PF\\\\whatsApp\\\\functions\\\\node_modules\\\\firebase-functions\\\\lib\\\\index.js\"}}"}}
[debug] [2021-10-29T06:11:13.487Z] [runtime-status] [4124] Resolved module firebase-functions {"declared":true,"installed":true,"version":"3.16.0","resolution":"C:\\Users\\Jerome\\Desktop\\PF\\whatsApp\\functions\\node_modules\\firebase-functions\\lib\\index.js"} {"metadata":{"emulator":{"name":"functions"},"message":"[runtime-status] [4124] Resolved module firebase-functions {\"declared\":true,\"installed\":true,\"version\":\"3.16.0\",\"resolution\":\"C:\\\\Users\\\\Jerome\\\\Desktop\\\\PF\\\\whatsApp\\\\functions\\\\node_modules\\\\firebase-functions\\\\lib\\\\index.js\"}"}}
[debug] [2021-10-29T06:11:13.488Z] [runtime-status] [4124] Resolved module firebase-admin {"declared":true,"installed":true,"version":"9.12.0","resolution":"C:\\Users\\Jerome\\Desktop\\PF\\whatsApp\\functions\\node_modules\\firebase-admin\\lib\\index.js"} {"metadata":{"emulator":{"name":"functions"},"message":"[runtime-status] [4124] Resolved module firebase-admin {\"declared\":true,\"installed\":true,\"version\":\"9.12.0\",\"resolution\":\"C:\\\\Users\\\\Jerome\\\\Desktop\\\\PF\\\\whatsApp\\\\functions\\\\node_modules\\\\firebase-admin\\\\lib\\\\index.js\"}"}}
[debug] [2021-10-29T06:11:13.489Z] [runtime-status] [4124] Resolved module firebase-functions {"declared":true,"installed":true,"version":"3.16.0","resolution":"C:\\Users\\Jerome\\Desktop\\PF\\whatsApp\\functions\\node_modules\\firebase-functions\\lib\\index.js"} {"metadata":{"emulator":{"name":"functions"},"message":"[runtime-status] [4124] Resolved module firebase-functions {\"declared\":true,\"installed\":true,\"version\":\"3.16.0\",\"resolution\":\"C:\\\\Users\\\\Jerome\\\\Desktop\\\\PF\\\\whatsApp\\\\functions\\\\node_modules\\\\firebase-functions\\\\lib\\\\index.js\"}"}}
[debug] [2021-10-29T06:11:13.489Z] [runtime-status] [4124] firebase-admin has been stubbed. {"adminResolution":{"declared":true,"installed":true,"version":"9.12.0","resolution":"C:\\Users\\Jerome\\Desktop\\PF\\whatsApp\\functions\\node_modules\\firebase-admin\\lib\\index.js"}} {"metadata":{"emulator":{"name":"functions"},"message":"[runtime-status] [4124] firebase-admin has been stubbed. {\"adminResolution\":{\"declared\":true,\"installed\":true,\"version\":\"9.12.0\",\"resolution\":\"C:\\\\Users\\\\Jerome\\\\Desktop\\\\PF\\\\whatsApp\\\\functions\\\\node_modules\\\\firebase-admin\\\\lib\\\\index.js\"}}"}}
[info] 
┌─────────────────────────────────────────────────────────────┐
│ ✔  All emulators ready! It is now safe to connect your app. │
│ i  View Emulator UI at http://localhost:4000                │
└─────────────────────────────────────────────────────────────┘

┌────────────────┬────────────────┬─────────────────────────────────┐
│ Emulator       │ Host:Port      │ View in Emulator UI             │
├────────────────┼────────────────┼─────────────────────────────────┤
│ Authentication │ localhost:9099 │ http://localhost:4000/auth      │
├────────────────┼────────────────┼─────────────────────────────────┤
│ Functions      │ localhost:5001 │ http://localhost:4000/functions │
├────────────────┼────────────────┼─────────────────────────────────┤
│ Firestore      │ localhost:8080 │ http://localhost:4000/firestore │
├────────────────┼────────────────┼─────────────────────────────────┤
│ Database       │ localhost:9000 │ http://localhost:4000/database  │
├────────────────┼────────────────┼─────────────────────────────────┤
│ Storage        │ localhost:9199 │ http://localhost:4000/storage   │
└────────────────┴────────────────┴─────────────────────────────────┘
  Emulator Hub running at localhost:4400
  Other reserved ports: 4500

Issues? Report them at https://github.com/firebase/firebase-tools/issues and attach the *-debug.log files.
 
[debug] [2021-10-29T06:11:13.504Z] [worker-~diagnostic~-c487509f-ce48-49e5-8234-1a39f0e637ff]: IDLE {"metadata":{"emulator":{"name":"functions"},"message":"[worker-~diagnostic~-c487509f-ce48-49e5-8234-1a39f0e637ff]: IDLE"}}
